app/build/outputs/logs/manifest-merger-debug-report.txt
-- Merging decision tree log ---
manifest
ADDED from src\main\AndroidManifest.xml:2:1-227:12
	xmlns:android
		ADDED from src\main\AndroidManifest.xml:2:11-69
	package
		ADDED from src\main\AndroidManifest.xml:3:5-41
		INJECTED from src\main\AndroidManifest.xml
		INJECTED from src\main\AndroidManifest.xml
	android:versionName
		INJECTED from src\main\AndroidManifest.xml
		INJECTED from src\main\AndroidManifest.xml
	android:versionCode
		INJECTED from src\main\AndroidManifest.xml
		INJECTED from src\main\AndroidManifest.xml
application
ADDED from src\main\AndroidManifest.xml:5:5-225:19
MERGED from [com.android.support:appcompat-v7:23.1.0] AndroidManifest.xml:22:5-20
MERGED from [com.android.support:support-v4:23.1.0] AndroidManifest.xml:22:5-20
MERGED from [com.android.support:design:23.1.0] AndroidManifest.xml:22:5-20
MERGED from [com.android.support:appcompat-v7:23.1.0] AndroidManifest.xml:22:5-20
MERGED from [com.android.support:support-v4:23.1.0] AndroidManifest.xml:22:5-20
MERGED from [com.android.support:support-v4:23.1.0] AndroidManifest.xml:22:5-20
MERGED from [com.android.support:support-v4:23.1.0] AndroidManifest.xml:22:5-20
	android:label
		ADDED from src\main\AndroidManifest.xml:7:9-41
	android:icon
		ADDED from src\main\AndroidManifest.xml:6:9-44
	android:theme
		ADDED from src\main\AndroidManifest.xml:8:9-52
activity#com.example.joanna.kosciol.SplashScreenActivity
ADDED from src\main\AndroidManifest.xml:9:9-15:20
	android:name
		ADDED from src\main\AndroidManifest.xml:9:19-55
intent-filter#android.intent.action.MAIN+android.intent.category.LAUNCHER
ADDED from src\main\AndroidManifest.xml:10:13-14:29
action#android.intent.action.MAIN
ADDED from src\main\AndroidManifest.xml:11:17-69
	android:name
		ADDED from src\main\AndroidManifest.xml:11:25-66
category#android.intent.category.LAUNCHER
ADDED from src\main\AndroidManifest.xml:13:17-77
	android:name
		ADDED from src\main\AndroidManifest.xml:13:27-74
activity#com.example.joanna.kosciol.MainActivity
ADDED from src\main\AndroidManifest.xml:16:9-17:20
	android:name
		ADDED from src\main\AndroidManifest.xml:16:19-47
activity#com.example.joanna.kosciol.Plan
ADDED from src\main\AndroidManifest.xml:18:9-26:20
	android:label
		ADDED from src\main\AndroidManifest.xml:20:13-56
	android:theme
		ADDED from src\main\AndroidManifest.xml:22:13-56
	android:parentActivityName
		ADDED from src\main\AndroidManifest.xml:21:13-55
	android:name
		ADDED from src\main\AndroidManifest.xml:19:13-33
meta-data#android.support.PARENT_ACTIVITY
ADDED from src\main\AndroidManifest.xml:23:13-25:75
	android:name
		ADDED from src\main\AndroidManifest.xml:24:17-63
	android:value
		ADDED from src\main\AndroidManifest.xml:25:17-72
activity#com.example.joanna.kosciol.Dojazd
ADDED from src\main\AndroidManifest.xml:27:9-35:20
	android:label
		ADDED from src\main\AndroidManifest.xml:29:13-58
	android:theme
		ADDED from src\main\AndroidManifest.xml:31:13-56
	android:parentActivityName
		ADDED from src\main\AndroidManifest.xml:30:13-55
	android:name
		ADDED from src\main\AndroidManifest.xml:28:13-35
activity#com.example.joanna.kosciol.Counas
ADDED from src\main\AndroidManifest.xml:36:9-44:20
	android:label
		ADDED from src\main\AndroidManifest.xml:38:13-58
	android:theme
		ADDED from src\main\AndroidManifest.xml:40:13-56
	android:parentActivityName
		ADDED from src\main\AndroidManifest.xml:39:13-55
	android:name
		ADDED from src\main\AndroidManifest.xml:37:13-35
activity#com.example.joanna.kosciol.Kontakt
ADDED from src\main\AndroidManifest.xml:45:9-53:20
	android:label
		ADDED from src\main\AndroidManifest.xml:47:13-59
	android:theme
		ADDED from src\main\AndroidManifest.xml:49:13-56
	android:parentActivityName
		ADDED from src\main\AndroidManifest.xml:48:13-55
	android:name
		ADDED from src\main\AndroidManifest.xml:46:13-36
activity#com.example.joanna.kosciol.Koncerty
ADDED from src\main\AndroidManifest.xml:54:9-62:20
	android:label
		ADDED from src\main\AndroidManifest.xml:56:13-60
	android:theme
		ADDED from src\main\AndroidManifest.xml:58:13-56
	android:parentActivityName
		ADDED from src\main\AndroidManifest.xml:57:13-49
	android:name
		ADDED from src\main\AndroidManifest.xml:55:13-37
activity#com.example.joanna.kosciol.Warsztaty
ADDED from src\main\AndroidManifest.xml:63:9-71:20
	android:label
		ADDED from src\main\AndroidManifest.xml:65:13-61
	android:theme
		ADDED from src\main\AndroidManifest.xml:67:13-56
	android:parentActivityName
		ADDED from src\main\AndroidManifest.xml:66:13-49
	android:name
		ADDED from src\main\AndroidManifest.xml:64:13-38
activity#com.example.joanna.kosciol.Uwolnij
ADDED from src\main\AndroidManifest.xml:72:9-80:20
	android:label
		ADDED from src\main\AndroidManifest.xml:74:13-59
	android:theme
		ADDED from src\main\AndroidManifest.xml:76:13-56
	android:parentActivityName
		ADDED from src\main\AndroidManifest.xml:75:13-52
	android:name
		ADDED from src\main\AndroidManifest.xml:73:13-36
activity#com.example.joanna.kosciol.Teatr
ADDED from src\main\AndroidManifest.xml:81:9-89:20
	android:label
		ADDED from src\main\AndroidManifest.xml:83:13-57
	android:theme
		ADDED from src\main\AndroidManifest.xml:85:13-56
	android:parentActivityName
		ADDED from src\main\AndroidManifest.xml:84:13-52
	android:name
		ADDED from src\main\AndroidManifest.xml:82:13-34
activity#com.example.joanna.kosciol.Gitara
ADDED from src\main\AndroidManifest.xml:90:9-98:20
	android:label
		ADDED from src\main\AndroidManifest.xml:92:13-58
	android:theme
		ADDED from src\main\AndroidManifest.xml:94:13-56
	android:parentActivityName
		ADDED from src\main\AndroidManifest.xml:93:13-52
	android:name
		ADDED from src\main\AndroidManifest.xml:91:13-35
activity#com.example.joanna.kosciol.Pianista
ADDED from src\main\AndroidManifest.xml:99:9-107:20
	android:label
		ADDED from src\main\AndroidManifest.xml:101:13-60
	android:theme
		ADDED from src\main\AndroidManifest.xml:103:13-56
	android:parentActivityName
		ADDED from src\main\AndroidManifest.xml:102:13-52
	android:name
		ADDED from src\main\AndroidManifest.xml:100:13-37
activity#com.example.joanna.kosciol.Bebny
ADDED from src\main\AndroidManifest.xml:108:9-116:20
	android:label
		ADDED from src\main\AndroidManifest.xml:110:13-57
	android:theme
		ADDED from src\main\AndroidManifest.xml:112:13-56
	android:parentActivityName
		ADDED from src\main\AndroidManifest.xml:111:13-52
	android:name
		ADDED from src\main\AndroidManifest.xml:109:13-34
activity#com.example.joanna.kosciol.Glos
ADDED from src\main\AndroidManifest.xml:117:9-125:20
	android:label
		ADDED from src\main\AndroidManifest.xml:119:13-56
	android:theme
		ADDED from src\main\AndroidManifest.xml:121:13-56
	android:parentActivityName
		ADDED from src\main\AndroidManifest.xml:120:13-52
	android:name
		ADDED from src\main\AndroidManifest.xml:118:13-33
activity#com.example.joanna.kosciol.Cialo
ADDED from src\main\AndroidManifest.xml:126:9-134:20
	android:label
		ADDED from src\main\AndroidManifest.xml:128:13-57
	android:theme
		ADDED from src\main\AndroidManifest.xml:130:13-56
	android:parentActivityName
		ADDED from src\main\AndroidManifest.xml:129:13-52
	android:name
		ADDED from src\main\AndroidManifest.xml:127:13-34
activity#com.example.joanna.kosciol.Ulica
ADDED from src\main\AndroidManifest.xml:135:9-143:20
	android:label
		ADDED from src\main\AndroidManifest.xml:137:13-57
	android:theme
		ADDED from src\main\AndroidManifest.xml:139:13-56
	android:parentActivityName
		ADDED from src\main\AndroidManifest.xml:138:13-52
	android:name
		ADDED from src\main\AndroidManifest.xml:136:13-34
activity#com.example.joanna.kosciol.Hip
ADDED from src\main\AndroidManifest.xml:144:9-152:20
	android:label
		ADDED from src\main\AndroidManifest.xml:146:13-55
	android:theme
		ADDED from src\main\AndroidManifest.xml:148:13-56
	android:parentActivityName
		ADDED from src\main\AndroidManifest.xml:147:13-52
	android:name
		ADDED from src\main\AndroidManifest.xml:145:13-32
activity#com.example.joanna.kosciol.Grafiti
ADDED from src\main\AndroidManifest.xml:153:9-161:20
	android:label
		ADDED from src\main\AndroidManifest.xml:155:13-59
	android:theme
		ADDED from src\main\AndroidManifest.xml:157:13-56
	android:parentActivityName
		ADDED from src\main\AndroidManifest.xml:156:13-52
	android:name
		ADDED from src\main\AndroidManifest.xml:154:13-36
activity#com.example.joanna.kosciol.Koral
ADDED from src\main\AndroidManifest.xml:162:9-170:20
	android:label
		ADDED from src\main\AndroidManifest.xml:164:13-57
	android:theme
		ADDED from src\main\AndroidManifest.xml:166:13-56
	android:parentActivityName
		ADDED from src\main\AndroidManifest.xml:165:13-52
	android:name
		ADDED from src\main\AndroidManifest.xml:163:13-34
activity#com.example.joanna.kosciol.Makijaz
ADDED from src\main\AndroidManifest.xml:171:9-179:20
	android:label
		ADDED from src\main\AndroidManifest.xml:173:13-59
	android:theme
		ADDED from src\main\AndroidManifest.xml:175:13-56
	android:parentActivityName
		ADDED from src\main\AndroidManifest.xml:174:13-52
	android:name
		ADDED from src\main\AndroidManifest.xml:172:13-36
activity#com.example.joanna.kosciol.Padre
ADDED from src\main\AndroidManifest.xml:180:9-188:20
	android:label
		ADDED from src\main\AndroidManifest.xml:182:13-57
	android:theme
		ADDED from src\main\AndroidManifest.xml:184:13-56
	android:parentActivityName
		ADDED from src\main\AndroidManifest.xml:183:13-52
	android:name
		ADDED from src\main\AndroidManifest.xml:181:13-34
activity#com.example.joanna.kosciol.Foto
ADDED from src\main\AndroidManifest.xml:189:9-197:20
	android:label
		ADDED from src\main\AndroidManifest.xml:191:13-56
	android:theme
		ADDED from src\main\AndroidManifest.xml:193:13-56
	android:parentActivityName
		ADDED from src\main\AndroidManifest.xml:192:13-52
	android:name
		ADDED from src\main\AndroidManifest.xml:190:13-33
activity#com.example.joanna.kosciol.Bezp
ADDED from src\main\AndroidManifest.xml:198:9-206:20
	android:label
		ADDED from src\main\AndroidManifest.xml:200:13-56
	android:theme
		ADDED from src\main\AndroidManifest.xml:202:13-56
	android:parentActivityName
		ADDED from src\main\AndroidManifest.xml:201:13-52
	android:name
		ADDED from src\main\AndroidManifest.xml:199:13-33
activity#com.example.joanna.kosciol.Karton
ADDED from src\main\AndroidManifest.xml:207:9-215:20
	android:label
		ADDED from src\main\AndroidManifest.xml:209:13-58
	android:theme
		ADDED from src\main\AndroidManifest.xml:211:13-56
	android:parentActivityName
		ADDED from src\main\AndroidManifest.xml:210:13-52
	android:name
		ADDED from src\main\AndroidManifest.xml:208:13-35
activity#com.example.joanna.kosciol.Rysowanie
ADDED from src\main\AndroidManifest.xml:216:9-224:20
	android:label
		ADDED from src\main\AndroidManifest.xml:218:13-61
	android:theme
		ADDED from src\main\AndroidManifest.xml:220:13-56
	android:parentActivityName
		ADDED from src\main\AndroidManifest.xml:219:13-52
	android:name
		ADDED from src\main\AndroidManifest.xml:217:13-38
uses-sdk
INJECTED from src\main\AndroidManifest.xml reason: use-sdk injection requested
MERGED from [com.android.support:appcompat-v7:23.1.0] AndroidManifest.xml:20:5-43
MERGED from [com.android.support:support-v4:23.1.0] AndroidManifest.xml:20:5-43
MERGED from [com.android.support:design:23.1.0] AndroidManifest.xml:20:5-43
MERGED from [com.android.support:appcompat-v7:23.1.0] AndroidManifest.xml:20:5-43
MERGED from [com.android.support:support-v4:23.1.0] AndroidManifest.xml:20:5-43
MERGED from [com.android.support:recyclerview-v7:23.1.0] AndroidManifest.xml:20:5-43
MERGED from [com.android.support:support-v4:23.1.0] AndroidManifest.xml:20:5-43
MERGED from [com.android.support:support-v4:23.1.0] AndroidManifest.xml:20:5-43
	android:targetSdkVersion
		INJECTED from src\main\AndroidManifest.xml
		INJECTED from src\main\AndroidManifest.xml
	android:minSdkVersion
		INJECTED from src\main\AndroidManifest.xml
		INJECTED from src\main\AndroidManifest.xml